<?xml version="1.0" encoding="UTF-8"?>
<!-- Generated by org.testng.reporters.JUnitReportReporter -->
<testsuite hostname="DESKTOP-F3FV5JH" name="TestScripts.Basics" tests="1" failures="0" timestamp="6 May 2017 23:22:32 GMT" time="6.300" errors="0">
  <testcase name="getPlaceAPI" time="6.300" classname="TestScripts.Basics"/>
</testsuite> <!-- TestScripts.Basics -->
