<?xml version="1.0" encoding="UTF-8"?>
<!-- Generated by org.testng.reporters.JUnitReportReporter -->
<testsuite hostname="DESKTOP-F3FV5JH" name="TestScripts.AddPlaceAPIValidation" tests="1" failures="0" timestamp="7 May 2017 01:17:02 GMT" time="4.474" errors="0">
  <testcase name="postData" time="4.474" classname="TestScripts.AddPlaceAPIValidation"/>
</testsuite> <!-- TestScripts.AddPlaceAPIValidation -->
