<?xml version="1.0" encoding="UTF-8"?>
<!-- Generated by org.testng.reporters.JUnitReportReporter -->
<testsuite hostname="DESKTOP-F3FV5JH" name="com.framework.testscripts.AddPlaceAPIValidation" tests="1" failures="0" timestamp="7 May 2017 05:24:16 GMT" time="5.048" errors="0">
  <testcase name="postData" time="5.048" classname="com.framework.testscripts.AddPlaceAPIValidation"/>
</testsuite> <!-- com.framework.testscripts.AddPlaceAPIValidation -->
