<?xml version="1.0" encoding="UTF-8"?>
<!-- Generated by org.testng.reporters.JUnitReportReporter -->
<testsuite hostname="DESKTOP-F3FV5JH" name="com.framework.testscripts.RetrievePlaceAPIValidation" tests="1" failures="0" timestamp="7 May 2017 02:11:36 GMT" time="5.496" errors="0">
  <testcase name="getPlaceAPI" time="5.496" classname="com.framework.testscripts.RetrievePlaceAPIValidation"/>
</testsuite> <!-- com.framework.testscripts.RetrievePlaceAPIValidation -->
