<?xml version="1.0" encoding="UTF-8"?>
<!-- Generated by org.testng.reporters.JUnitReportReporter -->
<testsuite hostname="DESKTOP-F3FV5JH" name="TestScripts.RetrievePlaceAPI" tests="1" failures="0" timestamp="7 May 2017 00:31:29 GMT" time="7.341" errors="0">
  <testcase name="getPlaceAPI" time="7.341" classname="TestScripts.RetrievePlaceAPI"/>
</testsuite> <!-- TestScripts.RetrievePlaceAPI -->
