<?xml version="1.0" encoding="UTF-8"?>
<!-- Generated by org.testng.reporters.JUnitReportReporter -->
<testsuite hostname="DESKTOP-F3FV5JH" name="TestScripts.RetrievePlaceAPIValidation" tests="1" failures="0" timestamp="7 May 2017 01:16:27 GMT" time="6.132" errors="0">
  <testcase name="getPlaceAPI" time="6.132" classname="TestScripts.RetrievePlaceAPIValidation"/>
</testsuite> <!-- TestScripts.RetrievePlaceAPIValidation -->
