<?xml version="1.0" encoding="UTF-8"?>
<!-- Generated by org.testng.reporters.JUnitReportReporter -->
<testsuite hostname="DESKTOP-F3FV5JH" name="com.framework.testscripts.DeletePlaceAPIValidation" tests="1" failures="0" timestamp="7 May 2017 02:11:36 GMT" time="0.704" errors="0">
  <testcase name="addAPlace" time="0.704" classname="com.framework.testscripts.DeletePlaceAPIValidation"/>
</testsuite> <!-- com.framework.testscripts.DeletePlaceAPIValidation -->
