<?xml version="1.0" encoding="UTF-8"?>
<!-- Generated by org.testng.reporters.JUnitReportReporter -->
<testsuite hostname="DESKTOP-F3FV5JH" name="TestScripts.RetrievePlaceAPI" tests="1" failures="0" timestamp="6 May 2017 23:28:04 GMT" time="5.834" errors="0">
  <testcase name="getPlaceAPI" time="5.834" classname="TestScripts.RetrievePlaceAPI"/>
</testsuite> <!-- TestScripts.RetrievePlaceAPI -->
