<?xml version="1.0" encoding="UTF-8"?>
<!-- Generated by org.testng.reporters.JUnitReportReporter -->
<testsuite hostname="DESKTOP-F3FV5JH" name="com.framework.testscripts.AddPlaceAPIValidation" tests="1" failures="0" timestamp="7 May 2017 07:43:58 GMT" time="6.209" errors="0">
  <testcase name="addPlace" time="6.209" classname="com.framework.testscripts.AddPlaceAPIValidation"/>
</testsuite> <!-- com.framework.testscripts.AddPlaceAPIValidation -->
