<?xml version="1.0" encoding="UTF-8"?>
<!-- Generated by org.testng.reporters.JUnitReportReporter -->
<testsuite hostname="DESKTOP-F3FV5JH" name="com.framework.testscripts.RetrievePlaceAPIValidation" tests="1" failures="0" timestamp="7 May 2017 07:43:58 GMT" time="0.971" errors="0">
  <testcase name="getPlaceAPI" time="0.971" classname="com.framework.testscripts.RetrievePlaceAPIValidation"/>
</testsuite> <!-- com.framework.testscripts.RetrievePlaceAPIValidation -->
